2026-01-03 20:32:58.694 | INFO     | api.main:startup_event:56 - 🚀 Starting FastAPI application
2026-01-03 20:32:58.697 | INFO     | api.main:startup_event:57 - 📋 Version: 1.0.0
2026-01-03 20:32:58.698 | INFO     | api.ml_model:load_model:33 - Loading model from: /app/models/fake_review_detector_xgboost.pkl
2026-01-03 20:32:59.402 | SUCCESS  | api.ml_model:load_model:50 - ✅ Model loaded successfully
2026-01-03 20:32:59.403 | SUCCESS  | api.main:startup_event:61 - ✅ Model loaded successfully
2026-01-03 20:37:39.528 | INFO     | api.main:predict_fake_review:135 - 📝 Received prediction request (length: 37 chars)
2026-01-03 20:37:39.566 | ERROR    | api.ml_model:predict:178 - Prediction error: [20:37:39] /workspace/src/c_api/../data/array_interface.h:492: Unicode-3 is not supported.
Stack trace:
  [bt] (0) /usr/local/lib/python3.12/site-packages/xgboost/lib/libxgboost.so(+0x15c2ca) [0x7f9502e6d2ca]
  [bt] (1) /usr/local/lib/python3.12/site-packages/xgboost/lib/libxgboost.so(+0x19ff29) [0x7f9502eb0f29]
  [bt] (2) /usr/local/lib/python3.12/site-packages/xgboost/lib/libxgboost.so(+0x413064) [0x7f9503124064]
  [bt] (3) /usr/local/lib/python3.12/site-packages/xgboost/lib/libxgboost.so(XGBoosterPredictFromDense+0x25c) [0x7f9502e7ed7c]
  [bt] (4) /lib/x86_64-linux-gnu/libffi.so.8(+0x76ce) [0x7f954b6bf6ce]
  [bt] (5) /lib/x86_64-linux-gnu/libffi.so.8(+0x697e) [0x7f954b6be97e]
  [bt] (6) /lib/x86_64-linux-gnu/libffi.so.8(ffi_call+0x12b) [0x7f954b6bf1ab]
  [bt] (7) /usr/local/lib/python3.12/lib-dynload/_ctypes.cpython-312-x86_64-linux-gnu.so(+0x9039) [0x7f954b6ce039]
  [bt] (8) /usr/local/lib/python3.12/lib-dynload/_ctypes.cpython-312-x86_64-linux-gnu.so(+0x82c9) [0x7f954b6cd2c9]


2026-01-03 20:37:39.567 | WARNING  | api.main:predict_fake_review:165 - ⚠️  Validation error: [20:37:39] /workspace/src/c_api/../data/array_interface.h:492: Unicode-3 is not supported.
Stack trace:
  [bt] (0) /usr/local/lib/python3.12/site-packages/xgboost/lib/libxgboost.so(+0x15c2ca) [0x7f9502e6d2ca]
  [bt] (1) /usr/local/lib/python3.12/site-packages/xgboost/lib/libxgboost.so(+0x19ff29) [0x7f9502eb0f29]
  [bt] (2) /usr/local/lib/python3.12/site-packages/xgboost/lib/libxgboost.so(+0x413064) [0x7f9503124064]
  [bt] (3) /usr/local/lib/python3.12/site-packages/xgboost/lib/libxgboost.so(XGBoosterPredictFromDense+0x25c) [0x7f9502e7ed7c]
  [bt] (4) /lib/x86_64-linux-gnu/libffi.so.8(+0x76ce) [0x7f954b6bf6ce]
  [bt] (5) /lib/x86_64-linux-gnu/libffi.so.8(+0x697e) [0x7f954b6be97e]
  [bt] (6) /lib/x86_64-linux-gnu/libffi.so.8(ffi_call+0x12b) [0x7f954b6bf1ab]
  [bt] (7) /usr/local/lib/python3.12/lib-dynload/_ctypes.cpython-312-x86_64-linux-gnu.so(+0x9039) [0x7f954b6ce039]
  [bt] (8) /usr/local/lib/python3.12/lib-dynload/_ctypes.cpython-312-x86_64-linux-gnu.so(+0x82c9) [0x7f954b6cd2c9]


2026-01-03 20:44:43.865 | INFO     | api.main:predict_fake_review:135 - 📝 Received prediction request (length: 71 chars)
2026-01-03 20:44:44.089 | ERROR    | api.ml_model:predict:178 - Prediction error: [20:44:44] /workspace/src/c_api/../data/array_interface.h:492: Unicode-7 is not supported.
Stack trace:
  [bt] (0) /usr/local/lib/python3.12/site-packages/xgboost/lib/libxgboost.so(+0x15c2ca) [0x7f9502e6d2ca]
  [bt] (1) /usr/local/lib/python3.12/site-packages/xgboost/lib/libxgboost.so(+0x19ff29) [0x7f9502eb0f29]
  [bt] (2) /usr/local/lib/python3.12/site-packages/xgboost/lib/libxgboost.so(+0x413064) [0x7f9503124064]
  [bt] (3) /usr/local/lib/python3.12/site-packages/xgboost/lib/libxgboost.so(XGBoosterPredictFromDense+0x25c) [0x7f9502e7ed7c]
  [bt] (4) /lib/x86_64-linux-gnu/libffi.so.8(+0x76ce) [0x7f954b6bf6ce]
  [bt] (5) /lib/x86_64-linux-gnu/libffi.so.8(+0x697e) [0x7f954b6be97e]
  [bt] (6) /lib/x86_64-linux-gnu/libffi.so.8(ffi_call+0x12b) [0x7f954b6bf1ab]
  [bt] (7) /usr/local/lib/python3.12/lib-dynload/_ctypes.cpython-312-x86_64-linux-gnu.so(+0x9039) [0x7f954b6ce039]
  [bt] (8) /usr/local/lib/python3.12/lib-dynload/_ctypes.cpython-312-x86_64-linux-gnu.so(+0x82c9) [0x7f954b6cd2c9]


2026-01-03 20:44:44.093 | WARNING  | api.main:predict_fake_review:165 - ⚠️  Validation error: [20:44:44] /workspace/src/c_api/../data/array_interface.h:492: Unicode-7 is not supported.
Stack trace:
  [bt] (0) /usr/local/lib/python3.12/site-packages/xgboost/lib/libxgboost.so(+0x15c2ca) [0x7f9502e6d2ca]
  [bt] (1) /usr/local/lib/python3.12/site-packages/xgboost/lib/libxgboost.so(+0x19ff29) [0x7f9502eb0f29]
  [bt] (2) /usr/local/lib/python3.12/site-packages/xgboost/lib/libxgboost.so(+0x413064) [0x7f9503124064]
  [bt] (3) /usr/local/lib/python3.12/site-packages/xgboost/lib/libxgboost.so(XGBoosterPredictFromDense+0x25c) [0x7f9502e7ed7c]
  [bt] (4) /lib/x86_64-linux-gnu/libffi.so.8(+0x76ce) [0x7f954b6bf6ce]
  [bt] (5) /lib/x86_64-linux-gnu/libffi.so.8(+0x697e) [0x7f954b6be97e]
  [bt] (6) /lib/x86_64-linux-gnu/libffi.so.8(ffi_call+0x12b) [0x7f954b6bf1ab]
  [bt] (7) /usr/local/lib/python3.12/lib-dynload/_ctypes.cpython-312-x86_64-linux-gnu.so(+0x9039) [0x7f954b6ce039]
  [bt] (8) /usr/local/lib/python3.12/lib-dynload/_ctypes.cpython-312-x86_64-linux-gnu.so(+0x82c9) [0x7f954b6cd2c9]


2026-01-03 20:46:55.816 | INFO     | api.main:predict_fake_review:135 - 📝 Received prediction request (length: 47 chars)
2026-01-03 20:46:55.855 | ERROR    | api.ml_model:predict:178 - Prediction error: [20:46:55] /workspace/src/c_api/../data/array_interface.h:492: Unicode-4 is not supported.
Stack trace:
  [bt] (0) /usr/local/lib/python3.12/site-packages/xgboost/lib/libxgboost.so(+0x15c2ca) [0x7f9502e6d2ca]
  [bt] (1) /usr/local/lib/python3.12/site-packages/xgboost/lib/libxgboost.so(+0x19ff29) [0x7f9502eb0f29]
  [bt] (2) /usr/local/lib/python3.12/site-packages/xgboost/lib/libxgboost.so(+0x413064) [0x7f9503124064]
  [bt] (3) /usr/local/lib/python3.12/site-packages/xgboost/lib/libxgboost.so(XGBoosterPredictFromDense+0x25c) [0x7f9502e7ed7c]
  [bt] (4) /lib/x86_64-linux-gnu/libffi.so.8(+0x76ce) [0x7f954b6bf6ce]
  [bt] (5) /lib/x86_64-linux-gnu/libffi.so.8(+0x697e) [0x7f954b6be97e]
  [bt] (6) /lib/x86_64-linux-gnu/libffi.so.8(ffi_call+0x12b) [0x7f954b6bf1ab]
  [bt] (7) /usr/local/lib/python3.12/lib-dynload/_ctypes.cpython-312-x86_64-linux-gnu.so(+0x9039) [0x7f954b6ce039]
  [bt] (8) /usr/local/lib/python3.12/lib-dynload/_ctypes.cpython-312-x86_64-linux-gnu.so(+0x82c9) [0x7f954b6cd2c9]


2026-01-03 20:46:55.858 | WARNING  | api.main:predict_fake_review:165 - ⚠️  Validation error: [20:46:55] /workspace/src/c_api/../data/array_interface.h:492: Unicode-4 is not supported.
Stack trace:
  [bt] (0) /usr/local/lib/python3.12/site-packages/xgboost/lib/libxgboost.so(+0x15c2ca) [0x7f9502e6d2ca]
  [bt] (1) /usr/local/lib/python3.12/site-packages/xgboost/lib/libxgboost.so(+0x19ff29) [0x7f9502eb0f29]
  [bt] (2) /usr/local/lib/python3.12/site-packages/xgboost/lib/libxgboost.so(+0x413064) [0x7f9503124064]
  [bt] (3) /usr/local/lib/python3.12/site-packages/xgboost/lib/libxgboost.so(XGBoosterPredictFromDense+0x25c) [0x7f9502e7ed7c]
  [bt] (4) /lib/x86_64-linux-gnu/libffi.so.8(+0x76ce) [0x7f954b6bf6ce]
  [bt] (5) /lib/x86_64-linux-gnu/libffi.so.8(+0x697e) [0x7f954b6be97e]
  [bt] (6) /lib/x86_64-linux-gnu/libffi.so.8(ffi_call+0x12b) [0x7f954b6bf1ab]
  [bt] (7) /usr/local/lib/python3.12/lib-dynload/_ctypes.cpython-312-x86_64-linux-gnu.so(+0x9039) [0x7f954b6ce039]
  [bt] (8) /usr/local/lib/python3.12/lib-dynload/_ctypes.cpython-312-x86_64-linux-gnu.so(+0x82c9) [0x7f954b6cd2c9]


2026-01-03 20:56:08.920 | INFO     | api.main:predict_fake_review:135 - 📝 Received prediction request (length: 100 chars)
2026-01-03 20:56:08.925 | ERROR    | api.ml_model:predict:178 - Prediction error: [20:56:08] /workspace/src/c_api/../data/array_interface.h:135: Check failed: typestr.size() == 3 || typestr.size() == 4: `typestr' should be of format <endian><type><size of type in bytes>.
Stack trace:
  [bt] (0) /usr/local/lib/python3.12/site-packages/xgboost/lib/libxgboost.so(+0x15c2ca) [0x7f9502e6d2ca]
  [bt] (1) /usr/local/lib/python3.12/site-packages/xgboost/lib/libxgboost.so(+0x18e551) [0x7f9502e9f551]
  [bt] (2) /usr/local/lib/python3.12/site-packages/xgboost/lib/libxgboost.so(+0x19fb1c) [0x7f9502eb0b1c]
  [bt] (3) /usr/local/lib/python3.12/site-packages/xgboost/lib/libxgboost.so(+0x413064) [0x7f9503124064]
  [bt] (4) /usr/local/lib/python3.12/site-packages/xgboost/lib/libxgboost.so(XGBoosterPredictFromDense+0x25c) [0x7f9502e7ed7c]
  [bt] (5) /lib/x86_64-linux-gnu/libffi.so.8(+0x76ce) [0x7f954b6bf6ce]
  [bt] (6) /lib/x86_64-linux-gnu/libffi.so.8(+0x697e) [0x7f954b6be97e]
  [bt] (7) /lib/x86_64-linux-gnu/libffi.so.8(ffi_call+0x12b) [0x7f954b6bf1ab]
  [bt] (8) /usr/local/lib/python3.12/lib-dynload/_ctypes.cpython-312-x86_64-linux-gnu.so(+0x9039) [0x7f954b6ce039]


2026-01-03 20:56:08.927 | WARNING  | api.main:predict_fake_review:165 - ⚠️  Validation error: [20:56:08] /workspace/src/c_api/../data/array_interface.h:135: Check failed: typestr.size() == 3 || typestr.size() == 4: `typestr' should be of format <endian><type><size of type in bytes>.
Stack trace:
  [bt] (0) /usr/local/lib/python3.12/site-packages/xgboost/lib/libxgboost.so(+0x15c2ca) [0x7f9502e6d2ca]
  [bt] (1) /usr/local/lib/python3.12/site-packages/xgboost/lib/libxgboost.so(+0x18e551) [0x7f9502e9f551]
  [bt] (2) /usr/local/lib/python3.12/site-packages/xgboost/lib/libxgboost.so(+0x19fb1c) [0x7f9502eb0b1c]
  [bt] (3) /usr/local/lib/python3.12/site-packages/xgboost/lib/libxgboost.so(+0x413064) [0x7f9503124064]
  [bt] (4) /usr/local/lib/python3.12/site-packages/xgboost/lib/libxgboost.so(XGBoosterPredictFromDense+0x25c) [0x7f9502e7ed7c]
  [bt] (5) /lib/x86_64-linux-gnu/libffi.so.8(+0x76ce) [0x7f954b6bf6ce]
  [bt] (6) /lib/x86_64-linux-gnu/libffi.so.8(+0x697e) [0x7f954b6be97e]
  [bt] (7) /lib/x86_64-linux-gnu/libffi.so.8(ffi_call+0x12b) [0x7f954b6bf1ab]
  [bt] (8) /usr/local/lib/python3.12/lib-dynload/_ctypes.cpython-312-x86_64-linux-gnu.so(+0x9039) [0x7f954b6ce039]


2026-01-03 21:16:52.177 | INFO     | api.main:predict_fake_review:135 - 📝 Received prediction request (length: 100 chars)
2026-01-03 21:16:52.318 | ERROR    | api.ml_model:predict:178 - Prediction error: [21:16:52] /workspace/src/c_api/../data/array_interface.h:135: Check failed: typestr.size() == 3 || typestr.size() == 4: `typestr' should be of format <endian><type><size of type in bytes>.
Stack trace:
  [bt] (0) /usr/local/lib/python3.12/site-packages/xgboost/lib/libxgboost.so(+0x15c2ca) [0x7f9502e6d2ca]
  [bt] (1) /usr/local/lib/python3.12/site-packages/xgboost/lib/libxgboost.so(+0x18e551) [0x7f9502e9f551]
  [bt] (2) /usr/local/lib/python3.12/site-packages/xgboost/lib/libxgboost.so(+0x19fb1c) [0x7f9502eb0b1c]
  [bt] (3) /usr/local/lib/python3.12/site-packages/xgboost/lib/libxgboost.so(+0x413064) [0x7f9503124064]
  [bt] (4) /usr/local/lib/python3.12/site-packages/xgboost/lib/libxgboost.so(XGBoosterPredictFromDense+0x25c) [0x7f9502e7ed7c]
  [bt] (5) /lib/x86_64-linux-gnu/libffi.so.8(+0x76ce) [0x7f954b6bf6ce]
  [bt] (6) /lib/x86_64-linux-gnu/libffi.so.8(+0x697e) [0x7f954b6be97e]
  [bt] (7) /lib/x86_64-linux-gnu/libffi.so.8(ffi_call+0x12b) [0x7f954b6bf1ab]
  [bt] (8) /usr/local/lib/python3.12/lib-dynload/_ctypes.cpython-312-x86_64-linux-gnu.so(+0x9039) [0x7f954b6ce039]


2026-01-03 21:16:52.321 | WARNING  | api.main:predict_fake_review:165 - ⚠️  Validation error: [21:16:52] /workspace/src/c_api/../data/array_interface.h:135: Check failed: typestr.size() == 3 || typestr.size() == 4: `typestr' should be of format <endian><type><size of type in bytes>.
Stack trace:
  [bt] (0) /usr/local/lib/python3.12/site-packages/xgboost/lib/libxgboost.so(+0x15c2ca) [0x7f9502e6d2ca]
  [bt] (1) /usr/local/lib/python3.12/site-packages/xgboost/lib/libxgboost.so(+0x18e551) [0x7f9502e9f551]
  [bt] (2) /usr/local/lib/python3.12/site-packages/xgboost/lib/libxgboost.so(+0x19fb1c) [0x7f9502eb0b1c]
  [bt] (3) /usr/local/lib/python3.12/site-packages/xgboost/lib/libxgboost.so(+0x413064) [0x7f9503124064]
  [bt] (4) /usr/local/lib/python3.12/site-packages/xgboost/lib/libxgboost.so(XGBoosterPredictFromDense+0x25c) [0x7f9502e7ed7c]
  [bt] (5) /lib/x86_64-linux-gnu/libffi.so.8(+0x76ce) [0x7f954b6bf6ce]
  [bt] (6) /lib/x86_64-linux-gnu/libffi.so.8(+0x697e) [0x7f954b6be97e]
  [bt] (7) /lib/x86_64-linux-gnu/libffi.so.8(ffi_call+0x12b) [0x7f954b6bf1ab]
  [bt] (8) /usr/local/lib/python3.12/lib-dynload/_ctypes.cpython-312-x86_64-linux-gnu.so(+0x9039) [0x7f954b6ce039]


2026-01-03 21:18:10.075 | INFO     | api.main:shutdown_event:70 - 👋 Shutting down FastAPI application
2026-01-03 21:18:15.280 | INFO     | api.main:startup_event:56 - 🚀 Starting FastAPI application
2026-01-03 21:18:15.280 | INFO     | api.main:startup_event:57 - 📋 Version: 1.0.0
2026-01-03 21:18:15.281 | INFO     | api.ml_model:load_model:44 - Loading model from: /app/models/fake_review_detector_xgboost.pkl
2026-01-03 21:18:16.480 | SUCCESS  | api.ml_model:load_model:49 - ✅ XGBoost model loaded successfully
2026-01-03 21:18:16.481 | INFO     | api.ml_model:load_model:51 - Loading scaler from: /app/models/feature_scaler.pkl
2026-01-03 21:18:16.488 | SUCCESS  | api.ml_model:load_model:56 - ✅ Scaler loaded successfully
2026-01-03 21:18:16.488 | SUCCESS  | api.main:startup_event:61 - ✅ Model loaded successfully
2026-01-03 21:18:32.732 | INFO     | api.main:predict_fake_review:135 - 📝 Received prediction request (length: 100 chars)
2026-01-03 21:18:32.762 | INFO     | api.main:predict_fake_review:149 - 🎯 Prediction: REAL (confidence: 92.57%)
2026-01-03 21:20:00.196 | INFO     | api.main:predict_fake_review:135 - 📝 Received prediction request (length: 41 chars)
2026-01-03 21:20:00.200 | INFO     | api.main:predict_fake_review:149 - 🎯 Prediction: REAL (confidence: 96.25%)
2026-01-04 02:53:49.128 | INFO     | api.main:shutdown_event:70 - 👋 Shutting down FastAPI application
2026-01-05 21:26:56.304 | INFO     | api.main:startup_event:56 - 🚀 Starting FastAPI application
2026-01-05 21:26:56.306 | INFO     | api.main:startup_event:57 - 📋 Version: 1.0.0
2026-01-05 21:26:56.307 | INFO     | api.ml_model:load_model:44 - Loading model from: /app/models/fake_review_detector_xgboost.pkl
2026-01-05 21:26:58.074 | SUCCESS  | api.ml_model:load_model:49 - ✅ XGBoost model loaded successfully
2026-01-05 21:26:58.075 | INFO     | api.ml_model:load_model:51 - Loading scaler from: /app/models/feature_scaler.pkl
2026-01-05 21:26:58.097 | SUCCESS  | api.ml_model:load_model:56 - ✅ Scaler loaded successfully
2026-01-05 21:26:58.098 | SUCCESS  | api.main:startup_event:61 - ✅ Model loaded successfully
2026-01-06 22:07:46.551 | INFO     | api.main:startup_event:56 - 🚀 Starting FastAPI application
2026-01-06 22:07:46.553 | INFO     | api.main:startup_event:57 - 📋 Version: 1.0.0
2026-01-06 22:07:46.553 | INFO     | api.ml_model:load_model:44 - Loading model from: /app/models/fake_review_detector_xgboost.pkl
2026-01-06 22:07:48.261 | SUCCESS  | api.ml_model:load_model:49 - ✅ XGBoost model loaded successfully
2026-01-06 22:07:48.262 | INFO     | api.ml_model:load_model:51 - Loading scaler from: /app/models/feature_scaler.pkl
2026-01-06 22:07:48.286 | SUCCESS  | api.ml_model:load_model:56 - ✅ Scaler loaded successfully
2026-01-06 22:07:48.287 | SUCCESS  | api.main:startup_event:61 - ✅ Model loaded successfully
2026-01-07 14:12:45.643 | INFO     | api.main:predict_fake_review:135 - 📝 Received prediction request (length: 41 chars)
2026-01-07 14:12:46.115 | INFO     | api.main:predict_fake_review:149 - 🎯 Prediction: REAL (confidence: 96.25%)
2026-01-07 14:13:40.227 | INFO     | api.main:predict_fake_review:135 - 📝 Received prediction request (length: 32 chars)
2026-01-07 14:13:40.265 | INFO     | api.main:predict_fake_review:149 - 🎯 Prediction: REAL (confidence: 95.31%)
2026-01-07 14:14:38.245 | INFO     | api.main:predict_fake_review:135 - 📝 Received prediction request (length: 21 chars)
2026-01-07 14:14:38.260 | INFO     | api.main:predict_fake_review:149 - 🎯 Prediction: REAL (confidence: 88.08%)
2026-01-07 14:16:55.639 | INFO     | api.main:predict_fake_review:135 - 📝 Received prediction request (length: 112 chars)
2026-01-07 14:16:55.645 | INFO     | api.main:predict_fake_review:149 - 🎯 Prediction: REAL (confidence: 59.26%)
2026-01-07 14:19:18.892 | INFO     | api.main:predict_fake_review:135 - 📝 Received prediction request (length: 48 chars)
2026-01-07 14:19:18.899 | INFO     | api.main:predict_fake_review:149 - 🎯 Prediction: FAKE (confidence: 95.78%)
2026-01-07 14:21:37.475 | INFO     | api.main:predict_fake_review:135 - 📝 Received prediction request (length: 90 chars)
2026-01-07 14:21:37.533 | INFO     | api.main:predict_fake_review:149 - 🎯 Prediction: FAKE (confidence: 62.22%)
2026-01-07 16:03:39.609 | INFO     | api.main:startup_event:56 - 🚀 Starting FastAPI application
2026-01-07 16:03:39.610 | INFO     | api.main:startup_event:57 - 📋 Version: 1.0.0
2026-01-07 16:03:39.611 | INFO     | api.ml_model:load_model:44 - Loading model from: /app/models/fake_review_detector_xgboost.pkl
2026-01-07 16:03:42.604 | SUCCESS  | api.ml_model:load_model:49 - ✅ XGBoost model loaded successfully
2026-01-07 16:03:42.606 | INFO     | api.ml_model:load_model:51 - Loading scaler from: /app/models/feature_scaler.pkl
2026-01-07 16:03:42.642 | SUCCESS  | api.ml_model:load_model:56 - ✅ Scaler loaded successfully
2026-01-07 16:03:42.645 | SUCCESS  | api.main:startup_event:61 - ✅ Model loaded successfully
2026-01-07 16:42:42.419 | INFO     | api.main:shutdown_event:70 - 👋 Shutting down FastAPI application
